<?xml version="1.0" encoding="UTF-8"?>
<!-- Generated by org.testng.reporters.JUnitXMLReporter -->
<testsuite ignored="0" hostname="DESKTOP-7DG3UKU" failures="0" tests="4" name="Default test" time="35.068" errors="0" timestamp="2025-12-13T07:07:29 IST">
  <testcase classname="testCases.LoginTest" name="logintest" time="1.818"/>
  <testcase classname="testCases.LoginTest" name="invalidLoginTest" time="2.337"/>
  <testcase classname="testCases.LoginTest" name="blankCredentialsTest" time="3.178"/>
  <testcase classname="testCases.LoginTest" name="loginPageUIValidationTest" time="0.454"/>
</testsuite> <!-- Default test -->
