<?xml version="1.0" encoding="UTF-8"?>
<testng-results ignored="0" total="4" passed="4" failed="0" skipped="0">
  <reporter-output>
  </reporter-output>
  <suite started-at="2025-12-13T07:06:54 IST" name="Default suite" finished-at="2025-12-13T07:07:29 IST" duration-ms="35068">
    <groups>
    </groups>
    <test started-at="2025-12-13T07:06:54 IST" name="Default test" finished-at="2025-12-13T07:07:29 IST" duration-ms="35068">
      <class name="testCases.LoginTest">
        <test-method is-config="true" signature="setup()[pri:0, instance:testCases.LoginTest@4af0df05]" started-at="2025-12-13T07:06:54 IST" name="setup" finished-at="2025-12-13T07:06:58 IST" duration-ms="4414" status="PASS">
          <reporter-output>
          </reporter-output>
        </test-method> <!-- setup -->
        <test-method signature="logintest()[pri:1, instance:testCases.LoginTest@4af0df05]" started-at="2025-12-13T07:06:58 IST" name="logintest" finished-at="2025-12-13T07:07:00 IST" duration-ms="1818" status="PASS">
          <reporter-output>
          </reporter-output>
        </test-method> <!-- logintest -->
        <test-method is-config="true" signature="tearDown()[pri:0, instance:testCases.LoginTest@4af0df05]" started-at="2025-12-13T07:07:00 IST" name="tearDown" finished-at="2025-12-13T07:07:03 IST" duration-ms="3141" status="PASS">
          <reporter-output>
          </reporter-output>
        </test-method> <!-- tearDown -->
        <test-method is-config="true" signature="setup()[pri:0, instance:testCases.LoginTest@4af0df05]" started-at="2025-12-13T07:07:03 IST" name="setup" finished-at="2025-12-13T07:07:07 IST" duration-ms="3950" status="PASS">
          <reporter-output>
          </reporter-output>
        </test-method> <!-- setup -->
        <test-method signature="invalidLoginTest()[pri:2, instance:testCases.LoginTest@4af0df05]" started-at="2025-12-13T07:07:07 IST" name="invalidLoginTest" finished-at="2025-12-13T07:07:09 IST" duration-ms="2337" status="PASS">
          <reporter-output>
          </reporter-output>
        </test-method> <!-- invalidLoginTest -->
        <test-method is-config="true" signature="tearDown()[pri:0, instance:testCases.LoginTest@4af0df05]" started-at="2025-12-13T07:07:09 IST" name="tearDown" finished-at="2025-12-13T07:07:13 IST" duration-ms="3173" status="PASS">
          <reporter-output>
          </reporter-output>
        </test-method> <!-- tearDown -->
        <test-method is-config="true" signature="setup()[pri:0, instance:testCases.LoginTest@4af0df05]" started-at="2025-12-13T07:07:13 IST" name="setup" finished-at="2025-12-13T07:07:14 IST" duration-ms="1662" status="PASS">
          <reporter-output>
          </reporter-output>
        </test-method> <!-- setup -->
        <test-method signature="blankCredentialsTest()[pri:3, instance:testCases.LoginTest@4af0df05]" started-at="2025-12-13T07:07:14 IST" name="blankCredentialsTest" finished-at="2025-12-13T07:07:17 IST" duration-ms="3178" status="PASS">
          <reporter-output>
          </reporter-output>
        </test-method> <!-- blankCredentialsTest -->
        <test-method is-config="true" signature="tearDown()[pri:0, instance:testCases.LoginTest@4af0df05]" started-at="2025-12-13T07:07:17 IST" name="tearDown" finished-at="2025-12-13T07:07:21 IST" duration-ms="3151" status="PASS">
          <reporter-output>
          </reporter-output>
        </test-method> <!-- tearDown -->
        <test-method is-config="true" signature="setup()[pri:0, instance:testCases.LoginTest@4af0df05]" started-at="2025-12-13T07:07:21 IST" name="setup" finished-at="2025-12-13T07:07:25 IST" duration-ms="4608" status="PASS">
          <reporter-output>
          </reporter-output>
        </test-method> <!-- setup -->
        <test-method signature="loginPageUIValidationTest()[pri:4, instance:testCases.LoginTest@4af0df05]" started-at="2025-12-13T07:07:25 IST" name="loginPageUIValidationTest" finished-at="2025-12-13T07:07:26 IST" duration-ms="454" status="PASS">
          <reporter-output>
          </reporter-output>
        </test-method> <!-- loginPageUIValidationTest -->
        <test-method is-config="true" signature="tearDown()[pri:0, instance:testCases.LoginTest@4af0df05]" started-at="2025-12-13T07:07:26 IST" name="tearDown" finished-at="2025-12-13T07:07:29 IST" duration-ms="3142" status="PASS">
          <reporter-output>
          </reporter-output>
        </test-method> <!-- tearDown -->
      </class> <!-- testCases.LoginTest -->
    </test> <!-- Default test -->
  </suite> <!-- Default suite -->
</testng-results>
