<?xml version="1.0" encoding="UTF-8"?>
<testng-results ignored="0" total="1" passed="1" failed="0" skipped="0">
  <reporter-output>
  </reporter-output>
  <suite started-at="2025-12-21T15:55:55 IST" name="Suite" finished-at="2025-12-21T15:56:07 IST" duration-ms="11115">
    <groups>
    </groups>
    <test started-at="2025-12-21T15:55:55 IST" name="DashboardTest" finished-at="2025-12-21T15:56:07 IST" duration-ms="11115">
      <class name="testCases.DashboardTest">
        <test-method is-config="true" signature="setup(java.lang.String,java.lang.String)[pri:0, instance:testCases.DashboardTest@150ab4ed]" started-at="2025-12-21T15:55:56 IST" name="setup" finished-at="2025-12-21T15:56:00 IST" duration-ms="4702" status="PASS">
          <params>
            <param index="0">
              <value>
                <![CDATA[windows]]>
              </value>
            </param>
            <param index="1">
              <value>
                <![CDATA[chrome]]>
              </value>
            </param>
          </params>
          <reporter-output>
          </reporter-output>
        </test-method> <!-- setup -->
        <test-method signature="dashboardAndLogoutTest()[pri:0, instance:testCases.DashboardTest@150ab4ed]" started-at="2025-12-21T15:56:00 IST" name="dashboardAndLogoutTest" finished-at="2025-12-21T15:56:05 IST" duration-ms="4463" status="PASS">
          <reporter-output>
          </reporter-output>
        </test-method> <!-- dashboardAndLogoutTest -->
        <test-method is-config="true" signature="tearDown()[pri:0, instance:testCases.DashboardTest@150ab4ed]" started-at="2025-12-21T15:56:05 IST" name="tearDown" finished-at="2025-12-21T15:56:07 IST" duration-ms="1802" status="PASS">
          <reporter-output>
          </reporter-output>
        </test-method> <!-- tearDown -->
      </class> <!-- testCases.DashboardTest -->
    </test> <!-- DashboardTest -->
  </suite> <!-- Suite -->
</testng-results>
