<?xml version="1.0" encoding="UTF-8"?>
<!-- Generated by org.testng.reporters.JUnitReportReporter -->
<testsuite hostname="DESKTOP-7DG3UKU" failures="0" tests="4" name="testCases.LoginTest" time="35.028" errors="0" timestamp="2025-12-13T07:07:29 IST" skipped="0">
  <testcase classname="testCases.LoginTest" name="logintest" time="8.909"/>
  <testcase classname="testCases.LoginTest" name="invalidLoginTest" time="7.141"/>
  <testcase classname="testCases.LoginTest" name="blankCredentialsTest" time="10.959"/>
  <testcase classname="testCases.LoginTest" name="loginPageUIValidationTest" time="8.019"/>
</testsuite> <!-- testCases.LoginTest -->
